2025/05/10 18:57:43 결제 로그 시스템 초기화 완료
2025/05/10 18:58:17 [중요] 결제 실패 - 요청 금액: 8,500원, 최종 변동액: 0원, 타임아웃: 20초
2025/05/10 18:58:21 [중요] 예수금 일치하지 않음: 내부 상태 (42,610원) vs KIS API (51,110원), 차이: 8,500원
2025/05/10 18:58:21 예수금 상태를 KIS API 값으로 업데이트 완료: 51,110원
2025/05/10 18:58:41 [중요] 결제 실패 - 요청 금액: 8,500원, 최종 변동액: 0원, 타임아웃: 20초
2025/05/10 18:58:45 [중요] 예수금 일치하지 않음: 내부 상태 (51,110원) vs KIS API (59,610원), 차이: 8,500원
2025/05/10 18:58:45 예수금 상태를 KIS API 값으로 업데이트 완료: 59,610원
2025/05/10 18:58:51 결제 취소 요청 처리 완료
2025/05/10 18:58:54 웹소켓 메시지 전송 실패: websocket: close sent
2025/05/10 18:58:55 웹소켓 메시지 전송 실패: websocket: close sent
2025/05/10 18:58:56 웹소켓 메시지 전송 실패: websocket: close sent
2025/05/10 18:58:57 웹소켓 메시지 전송 실패: websocket: close sent
2025/05/10 18:58:59 웹소켓 메시지 전송 실패: websocket: close sent
2025/05/10 18:59:00 웹소켓 메시지 전송 실패: websocket: close sent
2025/05/10 18:59:01 웹소켓 메시지 전송 실패: websocket: close sent
2025/05/10 18:59:02 웹소켓 메시지 전송 실패: websocket: close sent
2025/05/10 18:59:03 웹소켓 메시지 전송 실패: websocket: close sent
2025/05/10 18:59:04 웹소켓 메시지 전송 실패: websocket: close sent
2025/05/10 18:59:05 웹소켓 메시지 전송 실패: websocket: close sent
2025/05/10 18:59:05 [중요] 결제 실패 - 요청 금액: 8,500원, 최종 변동액: 0원, 타임아웃: 20초
2025/05/10 18:59:05 웹소켓 메시지 전송 실패: websocket: close sent
2025/05/10 19:08:02 결제 취소 요청 처리 완료
2025/05/10 19:08:06 웹소켓 메시지 전송 실패: websocket: close sent
2025/05/10 19:08:07 웹소켓 메시지 전송 실패: websocket: close sent
2025/05/10 19:08:08 웹소켓 메시지 전송 실패: websocket: close sent
2025/05/10 19:08:09 웹소켓 메시지 전송 실패: websocket: close sent
2025/05/10 19:08:10 웹소켓 메시지 전송 실패: websocket: close sent
2025/05/10 19:08:11 웹소켓 메시지 전송 실패: websocket: close sent
2025/05/10 19:08:12 웹소켓 메시지 전송 실패: websocket: close sent
2025/05/10 19:08:13 웹소켓 메시지 전송 실패: websocket: close sent
2025/05/10 19:08:14 웹소켓 메시지 전송 실패: websocket: close sent
2025/05/10 19:08:15 웹소켓 메시지 전송 실패: websocket: close sent
2025/05/10 19:08:17 웹소켓 메시지 전송 실패: websocket: close sent
2025/05/10 19:08:18 웹소켓 메시지 전송 실패: websocket: close sent
2025/05/10 19:08:18 [중요] 결제 실패 - 요청 금액: 2,000원, 최종 변동액: 0원, 타임아웃: 20초
2025/05/10 19:08:18 웹소켓 메시지 전송 실패: websocket: close sent
2025/05/10 19:11:31 결제 취소 요청 처리 완료
2025/05/10 19:11:35 웹소켓 메시지 전송 실패: websocket: close sent
2025/05/10 19:11:36 웹소켓 메시지 전송 실패: websocket: close sent
2025/05/10 19:11:37 웹소켓 메시지 전송 실패: websocket: close sent
2025/05/10 19:11:38 웹소켓 메시지 전송 실패: websocket: close sent
2025/05/10 19:11:39 웹소켓 메시지 전송 실패: websocket: close sent
2025/05/10 19:11:40 웹소켓 메시지 전송 실패: websocket: close sent
2025/05/10 19:11:41 웹소켓 메시지 전송 실패: websocket: close sent
2025/05/10 19:11:43 웹소켓 메시지 전송 실패: websocket: close sent
2025/05/10 19:11:44 웹소켓 메시지 전송 실패: websocket: close sent
2025/05/10 19:11:45 웹소켓 메시지 전송 실패: websocket: close sent
2025/05/10 19:11:46 웹소켓 메시지 전송 실패: websocket: close sent
2025/05/10 19:11:47 웹소켓 메시지 전송 실패: websocket: close sent
2025/05/10 19:11:47 [중요] 결제 실패 - 요청 금액: 2,000원, 최종 변동액: 0원, 타임아웃: 20초
2025/05/10 19:11:47 웹소켓 메시지 전송 실패: websocket: close sent
2025/05/10 19:20:47 결제 로그 시스템 초기화 완료
2025/05/10 19:21:20 결제 취소 처리 완료 - 결제 ID: 48e1a3b9-68c3-472b-be2b-b9f2123a3e3b
2025/05/10 19:21:20 결제 취소 요청 수신 - ID: 48e1a3b9-68c3-472b-be2b-b9f2123a3e3b, 시도 #5에서 중단됨
